MNCL
("ar" nil (((a r) 1)))
("awr" nil (((au r) 1)))
("bedwar" nil (((b e d) 1) ((w a r) 0)))
("bore" nil (((b o) 1) ((r e) 0)))
("bron" nil (((b r o n) 1)))
("bum" nil (((b y m) 1)))
("bump" nil (((b y m p) 1)))
("chwarter" nil (((x w a r) 1) ((t e r) 0)))
("chwech" nil (((x w ee x) 1)))
("dau" nil (((d aay) 1)))
("ddau" nil (((dh aay) 1)))
("ddeg" nil (((dh ee g) 1)))
("ddeng" nil (((dh e ng) 1)))
("deg" nil (((d ee g) 1)))
("deng" nil (((d e ng) 1)))
("deuddeg" nil (((d ey) 1) ((dh e g) 0)))
("dri" nil (((d r ii) 1)))
("droi" nil (((d r oy) 1)))
("gloch" nil (((g l oo x) 1)))
("hanner" nil (((hh a) 1) ((n e r) 0)))
("hi" nil (((hh ii) 0)))
("hi'n" nil (((hh ii n) 0)))
("hugain" nil (((hh y) 1) ((g ay n) 0)))
("i" nil (((ii) 1)))
("mae" nil (((m aay) 0)))
("munud" nil (((m i) 1) ((n i d) 0)))
("naw" nil (((n au) 1)))
("newydd" nil (((n e) 1) ((w i dh) 0)))
("nos" nil (((n oo s) 1)))
("o'r" nil (((oo r) 1)))
("pedwar" nil (((p e d) 1) ((w a r) 0)))
("prynhawn" nil (((p r @ n) 1) ((hh au n) 0)))
("pum" nil (((p i m) 1)))
("pump" nil (((p i m p) 1)))
("saith" nil (((s ai th) 1)))
("tri" nil (((t r ii) 1)))
("ugain" nil (((i g) 1) ((ai n) 0)))
("un" nil (((yy n) 1)))
("unarddeg" nil (((y n) 0) ((a r) 0) ((dh ee g) 1)))
("union" nil (((y n) 1) ((j o n) 0)))
("wedi" nil (((w e) 0) ((d i) 0)))
("wyth" nil (((uy th) 1)))
("y" nil (((@) 0)))
("ychydig" nil (((@ x) 0) ((@) 1) ((d i g) 0)))
("yn" fn (((@ n) 1)))
