ERROR: couldn't find p-@
ERROR: couldn't find @-p
ERROR: couldn't find t-@
ERROR: couldn't find @-t
ERROR: couldn't find k-@
ERROR: couldn't find @-k
ERROR: couldn't find b-@
ERROR: couldn't find @-b
ERROR: couldn't find d-@
ERROR: couldn't find @-d
ERROR: couldn't find g-@
ERROR: couldn't find @-g
ERROR: couldn't find f-@
ERROR: couldn't find @-f
ERROR: couldn't find v-@
ERROR: couldn't find @-v
ERROR: couldn't find th-@
ERROR: couldn't find @-th
ERROR: couldn't find dh-@
ERROR: couldn't find @-dh
ERROR: couldn't find s-@
ERROR: couldn't find @-s
ERROR: couldn't find sh-@
ERROR: couldn't find @-sh
ERROR: couldn't find r-@
ERROR: couldn't find @-r
ERROR: couldn't find l-@
ERROR: couldn't find @-l
ERROR: couldn't find m-@
ERROR: couldn't find @-m
ERROR: couldn't find n-@
ERROR: couldn't find @-n
ERROR: couldn't find ch-@
ERROR: couldn't find @-ch
ERROR: couldn't find jh-@
ERROR: couldn't find @-jh
ERROR: couldn't find lh-@
ERROR: couldn't find @-lh
ERROR: couldn't find x-@
ERROR: couldn't find @-x
ERROR: couldn't find hh-@
ERROR: couldn't find @-hh
ERROR: couldn't find z-@
ERROR: couldn't find @-z
ERROR: couldn't find u-nh
ERROR: couldn't find @-mh
ERROR: couldn't find @-nh
ERROR: couldn't find @-ngh
ERROR: couldn't find @-ng
ERROR: couldn't find @-rh
ERROR: couldn't find @-lw
ERROR: couldn't find @-nw
ERROR: couldn't find @-rw
ERROR: couldn't find @-w
ERROR: couldn't find @-j
ERROR: couldn't find mh-@
ERROR: couldn't find nh-@
ERROR: couldn't find ngh-@
ERROR: couldn't find ng-@
ERROR: couldn't find rh-@
ERROR: couldn't find lw-@
ERROR: couldn't find nw-@
ERROR: couldn't find rw-@
ERROR: couldn't find w-@
ERROR: couldn't find i-@
ERROR: couldn't find e-@
ERROR: couldn't find a-@
ERROR: couldn't find o-@
ERROR: couldn't find u-@
ERROR: couldn't find y-@
ERROR: couldn't find @-i
ERROR: couldn't find @-e
ERROR: couldn't find @-a
ERROR: couldn't find @-o
ERROR: couldn't find @-u
ERROR: couldn't find @-y
ERROR: couldn't find @-@
ERROR: couldn't find @-ii
ERROR: couldn't find @-ee
ERROR: couldn't find @-aa
ERROR: couldn't find @-oo
ERROR: couldn't find @-uu
ERROR: couldn't find @-yy
ERROR: couldn't find @-ei
ERROR: couldn't find @-ai
ERROR: couldn't find @-oi
ERROR: couldn't find @-iu
ERROR: couldn't find @-eu
ERROR: couldn't find @-au
ERROR: couldn't find @-ou
ERROR: couldn't find @-uy
ERROR: couldn't find @-yu
ERROR: couldn't find @-ay
ERROR: couldn't find @-aay
ERROR: couldn't find @-ey
ERROR: couldn't find @-oy
ERROR: couldn't find ii-@
ERROR: couldn't find ee-@
ERROR: couldn't find aa-@
ERROR: couldn't find oo-@
ERROR: couldn't find uu-@
ERROR: couldn't find yy-@
ERROR: couldn't find ei-@
ERROR: couldn't find ai-@
ERROR: couldn't find oi-@
ERROR: couldn't find iu-@
ERROR: couldn't find eu-@
ERROR: couldn't find au-@
ERROR: couldn't find ou-@
ERROR: couldn't find uy-@
ERROR: couldn't find yu-@
ERROR: couldn't find ay-@
ERROR: couldn't find aay-@
ERROR: couldn't find ey-@
ERROR: couldn't find oy-@
ERROR: couldn't find t-sh
ERROR: couldn't find m-hh
ERROR: couldn't find ng-hh
ERROR: couldn't find ch-mh
ERROR: couldn't find ch-ngh
ERROR: couldn't find jh-mh
ERROR: couldn't find jh-ngh
ERROR: couldn't find z-z
ERROR: couldn't find #-i
ERROR: couldn't find #-e
ERROR: couldn't find #-a
ERROR: couldn't find #-o
ERROR: couldn't find #-u
ERROR: couldn't find #-y
ERROR: couldn't find #-@
ERROR: couldn't find #-ii
ERROR: couldn't find #-ee
ERROR: couldn't find #-aa
ERROR: couldn't find #-oo
ERROR: couldn't find #-uu
ERROR: couldn't find #-yy
ERROR: couldn't find #-ei
ERROR: couldn't find #-ai
ERROR: couldn't find #-oi
ERROR: couldn't find #-iu
ERROR: couldn't find #-eu
ERROR: couldn't find #-au
ERROR: couldn't find #-ou
ERROR: couldn't find #-uy
ERROR: couldn't find #-yu
ERROR: couldn't find #-ay
ERROR: couldn't find #-aay
ERROR: couldn't find #-ey
ERROR: couldn't find #-oy
ERROR: couldn't find #-p
ERROR: couldn't find #-t
ERROR: couldn't find #-k
ERROR: couldn't find #-b
ERROR: couldn't find #-d
ERROR: couldn't find #-g
ERROR: couldn't find #-f
ERROR: couldn't find #-v
ERROR: couldn't find #-th
ERROR: couldn't find #-dh
ERROR: couldn't find #-s
ERROR: couldn't find #-sh
ERROR: couldn't find #-r
ERROR: couldn't find #-l
ERROR: couldn't find #-m
ERROR: couldn't find #-n
ERROR: couldn't find #-ng
ERROR: couldn't find #-ch
ERROR: couldn't find #-jh
ERROR: couldn't find #-lh
ERROR: couldn't find #-x
ERROR: couldn't find #-w
ERROR: couldn't find #-j
ERROR: couldn't find #-mh
ERROR: couldn't find #-nh
ERROR: couldn't find #-ngh
ERROR: couldn't find #-lw
ERROR: couldn't find #-nw
ERROR: couldn't find #-rw
ERROR: couldn't find #-rh
ERROR: couldn't find #-hh
ERROR: couldn't find #-z
ERROR: couldn't find p-#
ERROR: couldn't find t-#
ERROR: couldn't find k-#
ERROR: couldn't find b-#
ERROR: couldn't find d-#
ERROR: couldn't find g-#
ERROR: couldn't find f-#
ERROR: couldn't find v-#
ERROR: couldn't find th-#
ERROR: couldn't find dh-#
ERROR: couldn't find s-#
ERROR: couldn't find sh-#
ERROR: couldn't find r-#
ERROR: couldn't find l-#
ERROR: couldn't find m-#
ERROR: couldn't find n-#
ERROR: couldn't find ng-#
ERROR: couldn't find ch-#
ERROR: couldn't find jh-#
ERROR: couldn't find lh-#
ERROR: couldn't find x-#
ERROR: couldn't find z-#
ERROR: couldn't find i-#
ERROR: couldn't find e-#
ERROR: couldn't find a-#
ERROR: couldn't find o-#
ERROR: couldn't find u-#
ERROR: couldn't find y-#
ERROR: couldn't find @-#
ERROR: couldn't find ii-#
ERROR: couldn't find ee-#
ERROR: couldn't find aa-#
ERROR: couldn't find oo-#
ERROR: couldn't find uu-#
ERROR: couldn't find yy-#
ERROR: couldn't find ei-#
ERROR: couldn't find ai-#
ERROR: couldn't find oi-#
ERROR: couldn't find iu-#
ERROR: couldn't find eu-#
ERROR: couldn't find au-#
ERROR: couldn't find ou-#
ERROR: couldn't find uy-#
ERROR: couldn't find yu-#
ERROR: couldn't find ay-#
ERROR: couldn't find aay-#
ERROR: couldn't find ey-#
ERROR: couldn't find oy-#
ERROR: couldn't find #-#
ERROR: couldn't find i-zh  zh-i
ERROR: couldn't find e-zh  zh-e
ERROR: couldn't find a-zh  zh-a
ERROR: couldn't find o-zh  zh-o
ERROR: couldn't find u-zh  zh-u
ERROR: couldn't find y-zh  zh-y
ERROR: couldn't find @-zh  zh-@
ERROR: couldn't find @@-x
ERROR: couldn't find @@-lh
ERROR: couldn't find @@-rh
ERROR: couldn't find @@-ng
ERROR: couldn't find @@-mh
ERROR: couldn't find @@-nh
ERROR: couldn't find @@-ngh
ERROR: couldn't find @@-lw
ERROR: couldn't find @@-nw
ERROR: couldn't find @@-rw
ERROR: couldn't find @-oa
ERROR: couldn't find aa-oa  oa-d
ERROR: couldn't find i-@@
ERROR: couldn't find e-@@
ERROR: couldn't find a-@@
ERROR: couldn't find o-@@
ERROR: couldn't find u-@@
ERROR: couldn't find y-@@
ERROR: couldn't find @-@@
ERROR: couldn't find ii-@@
ERROR: couldn't find ee-@@
ERROR: couldn't find aa-@@  @@-d
ERROR: couldn't find oo-@@
ERROR: couldn't find uu-@@
ERROR: couldn't find yy-@@
ERROR: couldn't find oi-@@
ERROR: couldn't find ai-@@
ERROR: couldn't find uy-@@
ERROR: couldn't find iu-@@
ERROR: couldn't find eu-@@
ERROR: couldn't find au-@@
ERROR: couldn't find ei-@@
ERROR: couldn't find ou-@@
ERROR: couldn't find yu-@@
ERROR: couldn't find ay-@@
ERROR: couldn't find ey-@@
ERROR: couldn't find oy-@@
ERROR: couldn't find aay-@@
ERROR: couldn't find oa-@
ERROR: couldn't find oa-aa  d-oa
ERROR: couldn't find @@-i
ERROR: couldn't find @@-e
ERROR: couldn't find @@-a
ERROR: couldn't find @@-o
ERROR: couldn't find @@-u
ERROR: couldn't find @@-y
ERROR: couldn't find @@-@
ERROR: couldn't find @@-ii
ERROR: couldn't find @@-ee
ERROR: couldn't find @@-aa  d-@@
ERROR: couldn't find @@-oo
ERROR: couldn't find @@-uu
ERROR: couldn't find @@-yy
ERROR: couldn't find @@-oi
ERROR: couldn't find @@-ai
ERROR: couldn't find @@-uy
ERROR: couldn't find @@-iu
ERROR: couldn't find @@-eu
ERROR: couldn't find @@-au
ERROR: couldn't find @@-ei
ERROR: couldn't find @@-ou
ERROR: couldn't find @@-yu
ERROR: couldn't find @@-ay
ERROR: couldn't find @@-ey
ERROR: couldn't find @@-oy
ERROR: couldn't find @@-aay
ERROR: couldn't find @@-x
ERROR: couldn't find @@-lh
ERROR: couldn't find #-oa
ERROR: couldn't find #-@@
ERROR: couldn't find oa-#
ERROR: couldn't find @@-#
ERROR: couldn't find p-@@
ERROR: couldn't find t-@@
ERROR: couldn't find k-@@
ERROR: couldn't find b-@@
ERROR: couldn't find g-@@
ERROR: couldn't find f-@@
ERROR: couldn't find th-@@
ERROR: couldn't find hh-@@
ERROR: couldn't find v-@@
ERROR: couldn't find dh-@@
ERROR: couldn't find s-@@
ERROR: couldn't find z-@@
ERROR: couldn't find sh-@@
ERROR: couldn't find zh-@@
ERROR: couldn't find ch-@@
ERROR: couldn't find jh-@@
ERROR: couldn't find l-@@
ERROR: couldn't find r-@@
ERROR: couldn't find w-@@
ERROR: couldn't find j-@@
ERROR: couldn't find m-@@
ERROR: couldn't find n-@@
ERROR: couldn't find ng-@@
ERROR: couldn't find @@-p
ERROR: couldn't find @@-t
ERROR: couldn't find @@-k
ERROR: couldn't find @@-b
ERROR: couldn't find @@-g
ERROR: couldn't find @@-f
ERROR: couldn't find @@-th
ERROR: couldn't find @@-hh
ERROR: couldn't find @@-v
ERROR: couldn't find @@-dh
ERROR: couldn't find @@-s
ERROR: couldn't find @@-z
ERROR: couldn't find @@-sh
ERROR: couldn't find @@-zh
ERROR: couldn't find @@-ch
ERROR: couldn't find @@-jh
ERROR: couldn't find @@-l
ERROR: couldn't find @@-r
ERROR: couldn't find @@-w
ERROR: couldn't find @@-j
ERROR: couldn't find @@-m
ERROR: couldn't find @@-n
ERROR: couldn't find @@-p
ERROR: couldn't find @@-t
ERROR: couldn't find @@-k
ERROR: couldn't find @@-b
ERROR: couldn't find @@-g
ERROR: couldn't find d-zh
ERROR: couldn't find ch-zh
ERROR: couldn't find #-zh
ERROR: couldn't find zh-#
ERROR: couldn't find @@-oa
ERROR: couldn't find oa-@@
ERROR: couldn't find @@-@@
ERROR: couldn't find j-@
